# JRE version: Java(TM) SE Runtime Environment (8.0_05-b13) (build 1.8.0_05-b13)
# Java VM: Java HotSpot(TM) 64-Bit Server VM (25.5-b02 mixed mode linux-amd64 compressed oops)
Heap:
 PSYoungGen      total 81920K, used 11095K [0x00000000eab00000, 0x00000000f2400000, 0x0000000100000000)
  eden space 70656K, 3% used [0x00000000eab00000,0x00000000ead20578,0x00000000ef000000)
  from space 11264K, 79% used [0x00000000ef000000,0x00000000ef8b5728,0x00000000efb00000)
  to   space 12288K, 0% used [0x00000000f1800000,0x00000000f1800000,0x00000000f2400000)
 ParOldGen       total 125440K, used 37721K [0x00000000c0000000, 0x00000000c7a80000, 0x00000000eab00000)
  object space 125440K, 30% used [0x00000000c0000000,0x00000000c24d65a0,0x00000000c7a80000)
 Metaspace       used 6431K, capacity 7320K, committed 7680K, reserved 1056768K
  class space    used 626K, capacity 656K, committed 768K, reserved 1048576K
GC Heap History (10 events):
Event: 4.398 GC heap before
{Heap before GC invocations=15 (full 0):
 PSYoungGen      total 36352K, used 35735K [0x00000000eab00000, 0x00000000ed400000, 0x0000000100000000)
  eden space 32256K, 100% used [0x00000000eab00000,0x00000000eca80000,0x00000000eca80000)
  from space 4096K, 84% used [0x00000000ecf00000,0x00000000ed265f60,0x00000000ed300000)
  to   space 4608K, 0% used [0x00000000eca80000,0x00000000eca80000,0x00000000ecf00000)
 ParOldGen       total 125440K, used 13380K [0x00000000c0000000, 0x00000000c7a80000, 0x00000000eab00000)
  object space 125440K, 10% used [0x00000000c0000000,0x00000000c0d11348,0x00000000c7a80000)
 Metaspace       used 5462K, capacity 6832K, committed 7040K, reserved 1056768K
  class space    used 540K, capacity 616K, committed 640K, reserved 1048576K
Event: 4.450 GC heap after
Heap after GC invocations=15 (full 0):
 PSYoungGen      total 36864K, used 4591K [0x00000000eab00000, 0x00000000eea80000, 0x0000000100000000)
  eden space 32256K, 0% used [0x00000000eab00000,0x00000000eab00000,0x00000000eca80000)
  from space 4608K, 99% used [0x00000000eca80000,0x00000000ecefbe00,0x00000000ecf00000)
  to   space 6656K, 0% used [0x00000000ee400000,0x00000000ee400000,0x00000000eea80000)
 ParOldGen       total 125440K, used 17160K [0x00000000c0000000, 0x00000000c7a80000, 0x00000000eab00000)
  object space 125440K, 13% used [0x00000000c0000000,0x00000000c10c22a0,0x00000000c7a80000)
 Metaspace       used 5462K, capacity 6832K, committed 7040K, reserved 1056768K
  class space    used 540K, capacity 616K, committed 640K, reserved 1048576K
}
Event: 4.769 GC heap before
{Heap before GC invocations=16 (full 0):
 PSYoungGen      total 36864K, used 36847K [0x00000000eab00000, 0x00000000eea80000, 0x0000000100000000)
  eden space 32256K, 100% used [0x00000000eab00000,0x00000000eca80000,0x00000000eca80000)
  from space 4608K, 99% used [0x00000000eca80000,0x00000000ecefbe00,0x00000000ecf00000)
  to   space 6656K, 0% used [0x00000000ee400000,0x00000000ee400000,0x00000000eea80000)
 ParOldGen       total 125440K, used 17160K [0x00000000c0000000, 0x00000000c7a80000, 0x00000000eab00000)
  object space 125440K, 13% used [0x00000000c0000000,0x00000000c10c22a0,0x00000000c7a80000)
 Metaspace       used 5467K, capacity 6832K, committed 7040K, reserved 1056768K
  class space    used 540K, capacity 616K, committed 640K, reserved 1048576K
Event: 4.892 GC heap after
Heap after GC invocations=16 (full 0):
 PSYoungGen      total 57856K, used 4640K [0x00000000eab00000, 0x00000000eeb80000, 0x0000000100000000)
  eden space 51200K, 0% used [0x00000000eab00000,0x00000000eab00000,0x00000000edd00000)
  from space 6656K, 69% used [0x00000000ee400000,0x00000000ee888000,0x00000000eea80000)
  to   space 7168K, 0% used [0x00000000edd00000,0x00000000edd00000,0x00000000ee400000)
 ParOldGen       total 125440K, used 21638K [0x00000000c0000000, 0x00000000c7a80000, 0x00000000eab00000)
  object space 125440K, 17% used [0x00000000c0000000,0x00000000c15218a0,0x00000000c7a80000)
 Metaspace       used 5467K, capacity 6832K, committed 7040K, reserved 1056768K
  class space    used 540K, capacity 616K, committed 640K, reserved 1048576K
}
Event: 5.499 GC heap before
{Heap before GC invocations=17 (full 0):
 PSYoungGen      total 57856K, used 55840K [0x00000000eab00000, 0x00000000eeb80000, 0x0000000100000000)
  eden space 51200K, 100% used [0x00000000eab00000,0x00000000edd00000,0x00000000edd00000)
  from space 6656K, 69% used [0x00000000ee400000,0x00000000ee888000,0x00000000eea80000)
  to   space 7168K, 0% used [0x00000000edd00000,0x00000000edd00000,0x00000000ee400000)
 ParOldGen       total 125440K, used 21638K [0x00000000c0000000, 0x00000000c7a80000, 0x00000000eab00000)
  object space 125440K, 17% used [0x00000000c0000000,0x00000000c15218a0,0x00000000c7a80000)
 Metaspace       used 5512K, capacity 6896K, committed 7040K, reserved 1056768K
  class space    used 540K, capacity 616K, committed 640K, reserved 1048576K
Event: 5.525 GC heap after
Heap after GC invocations=17 (full 0):
 PSYoungGen      total 58368K, used 7136K [0x00000000eab00000, 0x00000000f0500000, 0x0000000100000000)
  eden space 51200K, 0% used [0x00000000eab00000,0x00000000eab00000,0x00000000edd00000)
  from space 7168K, 99% used [0x00000000edd00000,0x00000000ee3f8010,0x00000000ee400000)
  to   space 10240K, 0% used [0x00000000efb00000,0x00000000efb00000,0x00000000f0500000)
 ParOldGen       total 125440K, used 27024K [0x00000000c0000000, 0x00000000c7a80000, 0x00000000eab00000)
  object space 125440K, 21% used [0x00000000c0000000,0x00000000c1a64160,0x00000000c7a80000)
 Metaspace       used 5512K, capacity 6896K, committed 7040K, reserved 1056768K
  class space    used 540K, capacity 616K, committed 640K, reserved 1048576K
}
Event: 6.034 GC heap before
{Heap before GC invocations=18 (full 0):
 PSYoungGen      total 58368K, used 58336K [0x00000000eab00000, 0x00000000f0500000, 0x0000000100000000)
  eden space 51200K, 100% used [0x00000000eab00000,0x00000000edd00000,0x00000000edd00000)
  from space 7168K, 99% used [0x00000000edd00000,0x00000000ee3f8010,0x00000000ee400000)
  to   space 10240K, 0% used [0x00000000efb00000,0x00000000efb00000,0x00000000f0500000)
 ParOldGen       total 125440K, used 27024K [0x00000000c0000000, 0x00000000c7a80000, 0x00000000eab00000)
  object space 125440K, 21% used [0x00000000c0000000,0x00000000c1a64160,0x00000000c7a80000)
 Metaspace       used 5522K, capacity 6896K, committed 7040K, reserved 1056768K
  class space    used 540K, capacity 616K, committed 640K, reserved 1048576K
Event: 6.113 GC heap after
Heap after GC invocations=18 (full 0):
 PSYoungGen      total 80896K, used 8081K [0x00000000eab00000, 0x00000000f0700000, 0x0000000100000000)
  eden space 70656K, 0% used [0x00000000eab00000,0x00000000eab00000,0x00000000ef000000)
  from space 10240K, 78% used [0x00000000efb00000,0x00000000f02e46d0,0x00000000f0500000)
  to   space 11264K, 0% used [0x00000000ef000000,0x00000000ef000000,0x00000000efb00000)
 ParOldGen       total 125440K, used 34148K [0x00000000c0000000, 0x00000000c7a80000, 0x00000000eab00000)
  object space 125440K, 27% used [0x00000000c0000000,0x00000000c21590c0,0x00000000c7a80000)
 Metaspace       used 5522K, capacity 6896K, committed 7040K, reserved 1056768K
  class space    used 540K, capacity 616K, committed 640K, reserved 1048576K
}
Event: 7.176 GC heap before
{Heap before GC invocations=19 (full 0):
 PSYoungGen      total 80896K, used 78737K [0x00000000eab00000, 0x00000000f0700000, 0x0000000100000000)
  eden space 70656K, 100% used [0x00000000eab00000,0x00000000ef000000,0x00000000ef000000)
  from space 10240K, 78% used [0x00000000efb00000,0x00000000f02e46d0,0x00000000f0500000)
  to   space 11264K, 0% used [0x00000000ef000000,0x00000000ef000000,0x00000000efb00000)
 ParOldGen       total 125440K, used 34148K [0x00000000c0000000, 0x00000000c7a80000, 0x00000000eab00000)
  object space 125440K, 27% used [0x00000000c0000000,0x00000000c21590c0,0x00000000c7a80000)
 Metaspace       used 5988K, capacity 7216K, committed 7296K, reserved 1056768K
  class space    used 582K, capacity 616K, committed 640K, reserved 1048576K
Event: 7.247 GC heap after
Heap after GC invocations=19 (full 0):
 PSYoungGen      total 81920K, used 8917K [0x00000000eab00000, 0x00000000f2400000, 0x0000000100000000)
  eden space 70656K, 0% used [0x00000000eab00000,0x00000000eab00000,0x00000000ef000000)
  from space 11264K, 79% used [0x00000000ef000000,0x00000000ef8b5728,0x00000000efb00000)
  to   space 12288K, 0% used [0x00000000f1800000,0x00000000f1800000,0x00000000f2400000)
 ParOldGen       total 125440K, used 37721K [0x00000000c0000000, 0x00000000c7a80000, 0x00000000eab00000)
  object space 125440K, 30% used [0x00000000c0000000,0x00000000c24d65a0,0x00000000c7a80000)
 Metaspace       used 5988K, capacity 7216K, committed 7296K, reserved 1056768K
  class space    used 582K, capacity 616K, committed 640K, reserved 1048576K
}

